<?xml version="1.0" encoding="utf-8"?>
<test-run id="2" duration="43.411746799999996" testcasecount="10" total="10" passed="10" failed="0" inconclusive="0" skipped="0" result="Passed" start-time="2021-01-08T 14:31:40Z" end-time="2021-01-08T 14:32:24Z">
  <test-suite type="Assembly" name="banque-csharp.dll" fullname="C:\Users\Administrateur\Desktop\csharp\banque-csharp\bin\Debug\netcoreapp3.0\banque-csharp.dll" total="10" passed="10" failed="0" inconclusive="0" skipped="0" result="Passed" start-time="2021-01-08T 14:31:41Z" end-time="2021-01-08T 14:32:24Z" duration="43.411746799999996">
    <test-suite type="TestSuite" name="banque_simple" fullname="banque_simple" total="8" passed="8" failed="0" inconclusive="0" skipped="0" result="Passed" start-time="2021-01-08T 14:31:41Z" end-time="2021-01-08T 14:31:41Z" duration="0.014680799999999999">
      <test-suite type="TestFixture" name="CompteTest" fullname="banque_simple.CompteTest" total="8" passed="8" failed="0" inconclusive="0" skipped="0" result="Passed" start-time="2021-01-08T 14:31:41Z" end-time="2021-01-08T 14:31:41Z" duration="0.014680799999999999">
        <test-case name="testCompte" fullname="banque_simple.CompteTest.testCompte" methodname="testCompte" classname="CompteTest" result="Passed" start-time="2021-01-08T 14:31:41Z" end-time="2021-01-08T 14:31:41Z" duration="0.006830999999999999" asserts="0" />
        <test-case name="testCompteLongDoubleString" fullname="banque_simple.CompteTest.testCompteLongDoubleString" methodname="testCompteLongDoubleString" classname="CompteTest" result="Passed" start-time="2021-01-08T 14:31:41Z" end-time="2021-01-08T 14:31:41Z" duration="0.006979" asserts="0" />
        <test-case name="testGetNumero" fullname="banque_simple.CompteTest.testGetNumero" methodname="testGetNumero" classname="CompteTest" result="Passed" start-time="2021-01-08T 14:31:41Z" end-time="2021-01-08T 14:31:41Z" duration="0.000121" asserts="0" />
        <test-case name="testGetReferenceClient" fullname="banque_simple.CompteTest.testGetReferenceClient" methodname="testGetReferenceClient" classname="CompteTest" result="Passed" start-time="2021-01-08T 14:31:41Z" end-time="2021-01-08T 14:31:41Z" duration="7.4E-05" asserts="0" />
        <test-case name="testGetSolde" fullname="banque_simple.CompteTest.testGetSolde" methodname="testGetSolde" classname="CompteTest" result="Passed" start-time="2021-01-08T 14:31:41Z" end-time="2021-01-08T 14:31:41Z" duration="7.489999999999999E-05" asserts="0" />
        <test-case name="testSetNumero" fullname="banque_simple.CompteTest.testSetNumero" methodname="testSetNumero" classname="CompteTest" result="Passed" start-time="2021-01-08T 14:31:41Z" end-time="2021-01-08T 14:31:41Z" duration="0.000124" asserts="0" />
        <test-case name="testSetReferenceClient" fullname="banque_simple.CompteTest.testSetReferenceClient" methodname="testSetReferenceClient" classname="CompteTest" result="Passed" start-time="2021-01-08T 14:31:41Z" end-time="2021-01-08T 14:31:41Z" duration="0.00025089999999999997" asserts="0" />
        <test-case name="testSetSolde" fullname="banque_simple.CompteTest.testSetSolde" methodname="testSetSolde" classname="CompteTest" result="Passed" start-time="2021-01-08T 14:31:41Z" end-time="2021-01-08T 14:31:41Z" duration="0.000226" asserts="0" />
      </test-suite>
    </test-suite>
    <test-suite type="TestSuite" name="UnknownNamespace" fullname="UnknownNamespace" total="2" passed="2" failed="0" inconclusive="0" skipped="0" result="Passed" start-time="2021-01-08T 14:31:41Z" end-time="2021-01-08T 14:32:24Z" duration="43.397065999999995">
      <test-suite type="TestFixture" name="ScenarioPrincipalChromeTest" fullname="UnknownNamespace.ScenarioPrincipalChromeTest" total="1" passed="1" failed="0" inconclusive="0" skipped="0" result="Passed" start-time="2021-01-08T 14:31:41Z" end-time="2021-01-08T 14:31:46Z" duration="5.007116">
        <test-case name="scenarioPrincipal" fullname="UnknownNamespace.ScenarioPrincipalChromeTest.scenarioPrincipal" methodname="scenarioPrincipal" classname="ScenarioPrincipalChromeTest" result="Passed" start-time="2021-01-08T 14:31:41Z" end-time="2021-01-08T 14:31:46Z" duration="5.007116" asserts="0" />
      </test-suite>
      <test-suite type="TestFixture" name="ScenarioPrincipalFirefoxTest" fullname="UnknownNamespace.ScenarioPrincipalFirefoxTest" total="1" passed="1" failed="0" inconclusive="0" skipped="0" result="Passed" start-time="2021-01-08T 14:31:46Z" end-time="2021-01-08T 14:32:24Z" duration="38.38995">
        <test-case name="scenarioPrincipal" fullname="UnknownNamespace.ScenarioPrincipalFirefoxTest.scenarioPrincipal" methodname="scenarioPrincipal" classname="ScenarioPrincipalFirefoxTest" result="Passed" start-time="2021-01-08T 14:31:46Z" end-time="2021-01-08T 14:32:24Z" duration="38.38995" asserts="0" />
      </test-suite>
    </test-suite>
    <errors />
  </test-suite>
</test-run>